<?xml version="1.0" encoding="UTF-8" ?>
<testsuite failures="0" time="14.547" errors="0" skipped="0" tests="1" name="org.factory.service.skillmanagement.SkillManagementWSTest">
  <properties>
    <property name="java.vendor" value="Sun Microsystems Inc."/>
    <property name="localRepository" value="C:\Documents and Settings\iroko\.m2\repository"/>
    <property name="env.VS90COMNTOOLS" value="c:\Programmi\Microsoft Visual Studio 9.0\Common7\Tools\"/>
    <property name="sun.java.launcher" value="SUN_STANDARD"/>
    <property name="sun.management.compiler" value="HotSpot Client Compiler"/>
    <property name="env.PROMPT" value="$P$G"/>
    <property name="os.name" value="Windows XP"/>
    <property name="env.FP_NO_HOST_CHECK" value="NO"/>
    <property name="sun.boot.class.path" value="C:\Programmi\Java\jdk1.6.0_05\jre\lib\resources.jar;C:\Programmi\Java\jdk1.6.0_05\jre\lib\rt.jar;C:\Programmi\Java\jdk1.6.0_05\jre\lib\sunrsasign.jar;C:\Programmi\Java\jdk1.6.0_05\jre\lib\jsse.jar;C:\Programmi\Java\jdk1.6.0_05\jre\lib\jce.jar;C:\Programmi\Java\jdk1.6.0_05\jre\lib\charsets.jar;C:\Programmi\Java\jdk1.6.0_05\jre\classes"/>
    <property name="env.COMPUTERNAME" value="IROKOCONTENT"/>
    <property name="env.ALLUSERSPROFILE" value="C:\Documents and Settings\All Users"/>
    <property name="sun.desktop" value="windows"/>
    <property name="java.vm.specification.vendor" value="Sun Microsystems Inc."/>
    <property name="java.runtime.version" value="1.6.0_05-b13"/>
    <property name="env.HOMEPATH" value="\Documents and Settings\iroko"/>
    <property name="user.name" value="iroko"/>
    <property name="user.language" value="it"/>
    <property name="sun.boot.library.path" value="C:\Programmi\Java\jdk1.6.0_05\jre\bin"/>
    <property name="classworlds.conf" value="C:\Programmi\apache-maven-2.0.10\bin\..\bin\m2.conf"/>
    <property name="java.version" value="1.6.0_05"/>
    <property name="env.PROCESSOR_IDENTIFIER" value="x86 Family 6 Model 14 Stepping 8, GenuineIntel"/>
    <property name="user.timezone" value="Europe/Berlin"/>
    <property name="env.CLIENTNAME" value="Console"/>
    <property name="env.TEMP" value="C:\DOCUME~1\iroko\IMPOST~1\Temp"/>
    <property name="sun.arch.data.model" value="32"/>
    <property name="java.endorsed.dirs" value="C:\Programmi\Java\jdk1.6.0_05\jre\lib\endorsed"/>
    <property name="sun.cpu.isalist" value="pentium_pro+mmx pentium_pro pentium+mmx pentium i486 i386 i86"/>
    <property name="env.HOMEDRIVE" value="C:"/>
    <property name="sun.jnu.encoding" value="Cp1252"/>
    <property name="file.encoding.pkg" value="sun.io"/>
    <property name="file.separator" value="\"/>
    <property name="java.specification.name" value="Java Platform API Specification"/>
    <property name="java.class.version" value="50.0"/>
    <property name="user.country" value="IT"/>
    <property name="java.home" value="C:\Programmi\Java\jdk1.6.0_05\jre"/>
    <property name="env.APPDATA" value="C:\Documents and Settings\iroko\Dati applicazioni"/>
    <property name="java.vm.info" value="mixed mode, sharing"/>
    <property name="env.ComSpec" value="C:\WINDOWS\system32\cmd.exe"/>
    <property name="env.OS" value="Windows_NT"/>
    <property name="env.CommonProgramFiles" value="C:\Programmi\File comuni"/>
    <property name="os.version" value="5.1"/>
    <property name="path.separator" value=";"/>
    <property name="java.vm.version" value="10.0-b19"/>
    <property name="user.variant" value=""/>
    <property name="env.USERPROFILE" value="C:\Documents and Settings\iroko"/>
    <property name="env.JAVA_HOME" value="C:\Programmi\Java\jdk1.6.0_05\"/>
    <property name="java.awt.printerjob" value="sun.awt.windows.WPrinterJob"/>
    <property name="env.TMP" value="C:\DOCUME~1\iroko\IMPOST~1\Temp"/>
    <property name="sun.io.unicode.encoding" value="UnicodeLittle"/>
    <property name="awt.toolkit" value="sun.awt.windows.WToolkit"/>
    <property name="user.home" value="C:\Documents and Settings\iroko"/>
    <property name="env.SESSIONNAME" value="Console"/>
    <property name="java.specification.vendor" value="Sun Microsystems Inc."/>
    <property name="env.CLASSPATH" value="C:\Programmi\QuickTime\QTSystem\QTJava.zip  C:\Programmi\Java\jdk1.6.0_05\jre\lib\ext\mysql-connector-java-5.1.6-bin.jar"/>
    <property name="env.M2_HOME" value="C:\Programmi\apache-maven-2.0.10\bin\.."/>
    <property name="env.NUMBER_OF_PROCESSORS" value="2"/>
    <property name="java.library.path" value="C:\Programmi\Java\jdk1.6.0_05\bin;.;C:\WINDOWS\Sun\Java\bin;C:\WINDOWS\system32;C:\WINDOWS;C:\WINDOWS\system32;C:\WINDOWS;C:\WINDOWS\System32\Wbem ;c:\php; c:\scriptol;C:\Programmi\Samsung\Samsung PC Studio 3\;c:\Programmi\Microsoft SQL Server\90\Tools\binn\;C:\Programmi\TortoiseSVN\bin;C:\Programmi\apache-maven-2.0.10\bin;C:\Programmi\InfoCert\DiKe\;;x&amp;#1;Ë†"/>
    <property name="java.vendor.url" value="http://java.sun.com/"/>
    <property name="env.MAVEN_CMD_LINE_ARGS" value="test"/>
    <property name="java.vm.vendor" value="Sun Microsystems Inc."/>
    <property name="maven.home" value="C:\Programmi\apache-maven-2.0.10\bin\.."/>
    <property name="java.runtime.name" value="Java(TM) SE Runtime Environment"/>
    <property name="java.class.path" value="C:\Programmi\apache-maven-2.0.10\bin\..\boot\classworlds-1.1.jar"/>
    <property name="env.MAVEN_JAVA_EXE" value="&quot;C:\Programmi\Java\jdk1.6.0_05\\bin\java.exe&quot;"/>
    <property name="java.vm.specification.name" value="Java Virtual Machine Specification"/>
    <property name="env.LOGONSERVER" value="\\IROKOCONTENT"/>
    <property name="env.windir" value="C:\WINDOWS"/>
    <property name="java.vm.specification.version" value="1.0"/>
    <property name="env.PROCESSOR_ARCHITECTURE" value="x86"/>
    <property name="sun.cpu.endian" value="little"/>
    <property name="sun.os.patch.level" value="Service Pack 3"/>
    <property name="env.HOME" value="C:\Documents and Settings\iroko"/>
    <property name="env.ProgramFiles" value="C:\Programmi"/>
    <property name="surefire.test.class.path" value="C:\Documents and Settings\iroko\Desktop\qualipso_28_12_2009\factory-service-skillmanagement-test\target\test-classes;C:\Documents and Settings\iroko\Desktop\qualipso_28_12_2009\factory-service-skillmanagement-test\target\classes;C:\Documents and Settings\iroko\.m2\repository\junit\junit\4.5\junit-4.5.jar;C:\Documents and Settings\iroko\.m2\repository\commons-logging\commons-logging\1.1.1\commons-logging-1.1.1.jar;C:\Documents and Settings\iroko\.m2\repository\oswego-concurrent\concurrent\1.3.4-jboss-update1\concurrent-1.3.4-jboss-update1.jar;C:\Documents and Settings\iroko\.m2\repository\org\hibernate\ejb3-persistence\1.0.2.GA\ejb3-persistence-1.0.2.GA.jar;C:\Documents and Settings\iroko\.m2\repository\org\hibernate\hibernate-annotations\3.4.0.GA\hibernate-annotations-3.4.0.GA.jar;C:\Documents and Settings\iroko\.m2\repository\org\hibernate\hibernate-commons-annotations\3.1.0.GA\hibernate-commons-annotations-3.1.0.GA.jar;C:\Documents and Settings\iroko\.m2\repository\org\slf4j\slf4j-api\1.5.0\slf4j-api-1.5.0.jar;C:\Documents and Settings\iroko\.m2\repository\org\hibernate\hibernate-core\3.3.0.SP1\hibernate-core-3.3.0.SP1.jar;C:\Documents and Settings\iroko\.m2\repository\antlr\antlr\2.7.6\antlr-2.7.6.jar;C:\Documents and Settings\iroko\.m2\repository\commons-collections\commons-collections\3.2.1\commons-collections-3.2.1.jar;C:\Documents and Settings\iroko\.m2\repository\dom4j\dom4j\1.4\dom4j-1.4.jar;C:\Documents and Settings\iroko\.m2\repository\xml-apis\xml-apis\1.0.b2\xml-apis-1.0.b2.jar;C:\Documents and Settings\iroko\.m2\repository\javax\transaction\jta\1.1\jta-1.1.jar;C:\Documents and Settings\iroko\.m2\repository\org\jboss\aop\jboss-aop\2.0.1.GA\jboss-aop-2.0.1.GA-client.jar;C:\Documents and Settings\iroko\.m2\repository\apache-xerces\xml-apis\2.9.1\xml-apis-2.9.1.jar;C:\Documents and Settings\iroko\.m2\repository\org\apache\ant\ant\1.7.1\ant-1.7.1.jar;C:\Documents and Settings\iroko\.m2\repository\org\apache\ant\ant-launcher\1.7.1\ant-launcher-1.7.1.jar;C:\Documents and Settings\iroko\.m2\repository\javassist\javassist\3.9.0.GA\javassist-3.9.0.GA.jar;C:\Documents and Settings\iroko\.m2\repository\org\jboss\jboss-reflect\2.0.2.GA\jboss-reflect-2.0.2.GA.jar;C:\Documents and Settings\iroko\.m2\repository\org\jboss\logging\jboss-logging-spi\2.0.5.GA\jboss-logging-spi-2.0.5.GA.jar;C:\Documents and Settings\iroko\.m2\repository\org\jboss\jboss-common-core\2.2.11.GA\jboss-common-core-2.2.11.GA.jar;C:\Documents and Settings\iroko\.m2\repository\org\jboss\jboss-mdr\2.0.1.GA\jboss-mdr-2.0.1.GA.jar;C:\Documents and Settings\iroko\.m2\repository\qdox\qdox\1.6.1\qdox-1.6.1.jar;C:\Documents and Settings\iroko\.m2\repository\trove\trove\2.1.1\trove-2.1.1.jar;C:\Documents and Settings\iroko\.m2\repository\log4j\log4j\1.2.14\log4j-1.2.14.jar;C:\Documents and Settings\iroko\.m2\repository\org\jboss\logging\jboss-logging-log4j\2.0.5.GA\jboss-logging-log4j-2.0.5.GA.jar;C:\Documents and Settings\iroko\.m2\repository\org\jboss\jbossas\jboss-as-ejb3\5.0.1.GA\jboss-as-ejb3-5.0.1.GA-client.jar;C:\Documents and Settings\iroko\.m2\repository\cglib\cglib\2.1.3\cglib-2.1.3.jar;C:\Documents and Settings\iroko\.m2\repository\jacorb\jacorb\2.3.0jboss.patch5-brew\jacorb-2.3.0jboss.patch5-brew.jar;C:\Documents and Settings\iroko\.m2\repository\org\jboss\remoting\jboss-remoting\2.5.0.SP2\jboss-remoting-2.5.0.SP2.jar;C:\Documents and Settings\iroko\.m2\repository\org\jboss\ws\native\jbossws-native-jaxws\3.1.2.GA\jbossws-native-jaxws-3.1.2.GA.jar;C:\Documents and Settings\iroko\.m2\repository\org\jboss\ws\native\jbossws-native-saaj\3.0.5.GA\jbossws-native-saaj-3.0.5.GA.jar;C:\Documents and Settings\iroko\.m2\repository\javax\activation\activation\1.1.1\activation-1.1.1.jar;C:\Documents and Settings\iroko\.m2\repository\org\hibernate\hibernate-entitymanager\3.4.0.GA\hibernate-entitymanager-3.4.0.GA.jar;C:\Documents and Settings\iroko\.m2\repository\org\jboss\jboss-vfs\2.1.0.GA\jboss-vfs-2.1.0.GA.jar;C:\Documents and Settings\iroko\.m2\repository\org\jboss\jbossxb\2.0.0.GA\jbossxb-2.0.0.GA.jar;C:\Documents and Settings\iroko\.m2\repository\apache-xerces\xercesImpl\2.9.1\xercesImpl-2.9.1.jar;C:\Documents and Settings\iroko\.m2\repository\wutka-dtdparser\dtdparser121\1.2.1\dtdparser121-1.2.1.jar;C:\Documents and Settings\iroko\.m2\repository\sun-jaxb\jaxb-api\2.1.9\jaxb-api-2.1.9.jar;C:\Documents and Settings\iroko\.m2\repository\org\jboss\cluster\jboss-ha-client\1.1.1.GA\jboss-ha-client-1.1.1.GA.jar;C:\Documents and Settings\iroko\.m2\repository\org\jboss\ejb3\jboss-ejb3-as-int\1.0.0\jboss-ejb3-as-int-1.0.0.jar;C:\Documents and Settings\iroko\.m2\repository\org\jboss\ejb3\jboss-ejb3-core\1.0.0\jboss-ejb3-core-1.0.0.jar;C:\Documents and Settings\iroko\.m2\repository\org\jboss\integration\jboss-jca-spi\5.0.3.GA\jboss-jca-spi-5.0.3.GA.jar;C:\Documents and Settings\iroko\.m2\repository\org\jboss\javaee\jboss-jca-api\1.5.0.GA\jboss-jca-api-1.5.0.GA.jar;C:\Documents and Settings\iroko\.m2\repository\org\jboss\metadata\jboss-metadata\1.0.0.CR16\jboss-metadata-1.0.0.CR16.jar;C:\Documents and Settings\iroko\.m2\repository\org\jboss\ejb3\jboss-ejb3-ext-api\1.0.0\jboss-ejb3-ext-api-1.0.0.jar;C:\Documents and Settings\iroko\.m2\repository\org\jboss\javaee\jboss-ejb-api\3.0.0.GA\jboss-ejb-api-3.0.0.GA.jar;C:\Documents and Settings\iroko\.m2\repository\org\jboss\javaee\jboss-transaction-api\1.0.1.GA\jboss-transaction-api-1.0.1.GA.jar;C:\Documents and Settings\iroko\.m2\repository\org\jboss\ws\native\jbossws-native-jaxrpc\3.1.2.GA\jbossws-native-jaxrpc-3.1.2.GA.jar;C:\Documents and Settings\iroko\.m2\repository\org\jboss\javaee\jboss-jms-api\1.1.0.GA\jboss-jms-api-1.1.0.GA.jar;C:\Documents and Settings\iroko\.m2\repository\org\jboss\ws\jbossws-spi\1.0.3.GA\jbossws-spi-1.0.3.GA.jar;C:\Documents and Settings\iroko\.m2\repository\gnu-getopt\getopt\1.0.12-brew\getopt-1.0.12-brew.jar;C:\Documents and Settings\iroko\.m2\repository\org\jboss\cache\jbosscache-core\3.0.0.CR4\jbosscache-core-3.0.0.CR4.jar;C:\Documents and Settings\iroko\.m2\repository\jgroups\jgroups\2.6.7.GA\jgroups-2.6.7.GA.jar;C:\Documents and Settings\iroko\.m2\repository\org\jboss\aspects\jboss-remoting-aspects\1.0.1.CR4\jboss-remoting-aspects-1.0.1.CR4.jar;C:\Documents and Settings\iroko\.m2\repository\jboss\jboss-serialization\1.0.3.GA\jboss-serialization-1.0.3.GA.jar;C:\Documents and Settings\iroko\.m2\repository\org\jboss\aspects\jboss-transaction-aspects\1.0.0.Beta1\jboss-transaction-aspects-1.0.0.Beta1.jar;C:\Documents and Settings\iroko\.m2\repository\org\jboss\aspects\jboss-security-aspects\1.0.0.Beta1\jboss-security-aspects-1.0.0.Beta1.jar;C:\Documents and Settings\iroko\.m2\repository\org\jboss\microcontainer\jboss-kernel\2.0.4.GA\jboss-kernel-2.0.4.GA.jar;C:\Documents and Settings\iroko\.m2\repository\org\jboss\microcontainer\jboss-dependency\2.0.4.GA\jboss-dependency-2.0.4.GA.jar;C:\Documents and Settings\iroko\.m2\repository\org\jboss\security\jboss-security-spi\2.0.2.SP6\jboss-security-spi-2.0.2.SP6.jar;C:\Documents and Settings\iroko\.m2\repository\org\jboss\javaee\jboss-jaspi-api\1.0.0.GA\jboss-jaspi-api-1.0.0.GA.jar;C:\Documents and Settings\iroko\.m2\repository\javax\security\jacc\1.0\jacc-1.0.jar;C:\Documents and Settings\iroko\.m2\repository\org\jboss\cluster\jboss-ha-server-api\1.1.0.CR4\jboss-ha-server-api-1.1.0.CR4.jar;C:\Documents and Settings\iroko\.m2\repository\org\jboss\ejb3\jboss-ejb3-async\1.0.0\jboss-ejb3-async-1.0.0.jar;C:\Documents and Settings\iroko\.m2\repository\org\jboss\ejb3\jboss-ejb3-cache\1.0.0\jboss-ejb3-cache-1.0.0.jar;C:\Documents and Settings\iroko\.m2\repository\org\jboss\ejb3\jboss-ejb3-common\1.0.0\jboss-ejb3-common-1.0.0.jar;C:\Documents and Settings\iroko\.m2\repository\org\jboss\deployers\jboss-deployers-spi\2.0.5.GA\jboss-deployers-spi-2.0.5.GA.jar;C:\Documents and Settings\iroko\.m2\repository\org\jboss\deployers\jboss-deployers-structure-spi\2.0.5.GA\jboss-deployers-structure-spi-2.0.5.GA.jar;C:\Documents and Settings\iroko\.m2\repository\org\jboss\deployers\jboss-deployers-client-spi\2.0.5.GA\jboss-deployers-client-spi-2.0.5.GA.jar;C:\Documents and Settings\iroko\.m2\repository\org\jboss\deployers\jboss-deployers-core-spi\2.0.5.GA\jboss-deployers-core-spi-2.0.5.GA.jar;C:\Documents and Settings\iroko\.m2\repository\org\jboss\man\jboss-managed\2.0.0.GA\jboss-managed-2.0.0.GA.jar;C:\Documents and Settings\iroko\.m2\repository\org\jboss\man\jboss-metatype\2.0.0.GA\jboss-metatype-2.0.0.GA.jar;C:\Documents and Settings\iroko\.m2\repository\org\jboss\integration\jboss-classloading-spi\5.0.3.GA\jboss-classloading-spi-5.0.3.GA.jar;C:\Documents and Settings\iroko\.m2\repository\org\jboss\ejb3\jboss-ejb3-security\1.0.0\jboss-ejb3-security-1.0.0.jar;C:\Documents and Settings\iroko\.m2\repository\org\jboss\aspects\jboss-current-invocation-aspects\1.0.0.CR1\jboss-current-invocation-aspects-1.0.0.CR1.jar;C:\Documents and Settings\iroko\.m2\repository\org\jboss\ejb3\jboss-ejb3-interceptors\1.0.0\jboss-ejb3-interceptors-1.0.0.jar;C:\Documents and Settings\iroko\.m2\repository\org\jboss\ejb3\jboss-ejb3-metadata\1.0.0\jboss-ejb3-metadata-1.0.0.jar;C:\Documents and Settings\iroko\.m2\repository\org\jboss\security\jbosssx\2.0.2.SP6\jbosssx-2.0.2.SP6.jar;C:\Documents and Settings\iroko\.m2\repository\org\jboss\javaee\jboss-jacc-api\1.1.0.GA_SP1\jboss-jacc-api-1.1.0.GA_SP1.jar;C:\Documents and Settings\iroko\.m2\repository\org\jboss\ejb3\jboss-ejb3-ext-api-impl\1.0.0\jboss-ejb3-ext-api-impl-1.0.0.jar;C:\Documents and Settings\iroko\.m2\repository\org\jboss\ejb3\jboss-ejb3-proxy\1.0.0\jboss-ejb3-proxy-1.0.0.jar;C:\Documents and Settings\iroko\.m2\repository\org\jboss\naming\jnpserver\5.0.1.GA\jnpserver-5.0.1.GA.jar;C:\Documents and Settings\iroko\.m2\repository\org\jboss\ejb3\jboss-ejb3-proxy-clustered\1.0.0\jboss-ejb3-proxy-clustered-1.0.0.jar;C:\Documents and Settings\iroko\.m2\repository\org\jboss\ejb3\jboss-ejb3-transactions\1.0.0\jboss-ejb3-transactions-1.0.0.jar;C:\Documents and Settings\iroko\.m2\repository\org\jboss\integration\jboss-transaction-spi\5.0.3.GA\jboss-transaction-spi-5.0.3.GA.jar;C:\Documents and Settings\iroko\.m2\repository\org\jboss\deployers\jboss-deployers-vfs\2.0.5.GA\jboss-deployers-vfs-2.0.5.GA.jar;C:\Documents and Settings\iroko\.m2\repository\org\jboss\deployers\jboss-deployers-vfs-spi\2.0.5.GA\jboss-deployers-vfs-spi-2.0.5.GA.jar;C:\Documents and Settings\iroko\.m2\repository\org\jboss\cl\jboss-classloading\2.0.3.GA\jboss-classloading-2.0.3.GA.jar;C:\Documents and Settings\iroko\.m2\repository\org\jboss\cl\jboss-classloader\2.0.3.GA\jboss-classloader-2.0.3.GA.jar;C:\Documents and Settings\iroko\.m2\repository\stax\stax-api\1.0\stax-api-1.0.jar;C:\Documents and Settings\iroko\.m2\repository\org\jboss\cl\jboss-classloading-vfs\2.0.3.GA\jboss-classloading-vfs-2.0.3.GA.jar;C:\Documents and Settings\iroko\.m2\repository\org\jboss\deployers\jboss-deployers-core\2.0.5.GA\jboss-deployers-core-2.0.5.GA.jar;C:\Documents and Settings\iroko\.m2\repository\org\jboss\deployers\jboss-deployers-client\2.0.5.GA\jboss-deployers-client-2.0.5.GA.jar;C:\Documents and Settings\iroko\.m2\repository\org\jboss\deployers\jboss-deployers-impl\2.0.5.GA\jboss-deployers-impl-2.0.5.GA.jar;C:\Documents and Settings\iroko\.m2\repository\org\jboss\jpa\jboss-jpa-deployers\1.0.0-CR1\jboss-jpa-deployers-1.0.0-CR1.jar;C:\Documents and Settings\iroko\.m2\repository\org\jboss\microcontainer\jboss-aop-mc-int\2.0.4.GA\jboss-aop-mc-int-2.0.4.GA.jar;C:\Documents and Settings\iroko\.m2\repository\quartz\quartz\1.6.0\quartz-1.6.0.jar;C:\Documents and Settings\iroko\.m2\repository\sun-jaxws\jaxws-api\2.1.1\jaxws-api-2.1.1.jar;C:\Documents and Settings\iroko\.m2\repository\sun-jaxws\jsr181-api\2.1.1\jsr181-api-2.1.1.jar;C:\Documents and Settings\iroko\.m2\repository\org\jboss\ejb3\jboss-ejb3-deployers\1.0.0\jboss-ejb3-deployers-1.0.0.jar;C:\Documents and Settings\iroko\.m2\repository\org\jboss\ejb3\jboss-ejb3-mc-int\1.0.0\jboss-ejb3-mc-int-1.0.0.jar;C:\Documents and Settings\iroko\.m2\repository\org\jboss\ejb3\jboss-ejb3-core\1.0.0\jboss-ejb3-core-1.0.0-client.jar;C:\Documents and Settings\iroko\.m2\repository\org\jboss\jbossas\jboss-as-connector\5.0.1.GA\jboss-as-connector-5.0.1.GA.jar;C:\Documents and Settings\iroko\.m2\repository\org\jboss\jbossas\jboss-as-server\5.0.1.GA\jboss-as-server-5.0.1.GA.jar;C:\Documents and Settings\iroko\.m2\repository\org\jboss\jbossas\jboss-as-deployment\5.0.1.GA\jboss-as-deployment-5.0.1.GA.jar;C:\Documents and Settings\iroko\.m2\repository\javax\security\jaas\1.0.01\jaas-1.0.01.jar;C:\Documents and Settings\iroko\.m2\repository\org\jboss\javaee\jboss-jad-api\1.2.0.GA\jboss-jad-api-1.2.0.GA.jar;C:\Documents and Settings\iroko\.m2\repository\org\jboss\security\jbosssx-client\2.0.2.SP6\jbosssx-client-2.0.2.SP6.jar;C:\Documents and Settings\iroko\.m2\repository\jpl-pattern\jpl-pattern\1.0\jpl-pattern-1.0.jar;C:\Documents and Settings\iroko\.m2\repository\jpl-util\jpl-util\1.0\jpl-util-1.0.jar;C:\Documents and Settings\iroko\.m2\repository\org\jboss\jbossas\jboss-as-j2se\5.0.1.GA\jboss-as-j2se-5.0.1.GA.jar;C:\Documents and Settings\iroko\.m2\repository\org\jboss\naming\jnp-client\5.0.1.GA\jnp-client-5.0.1.GA.jar;C:\Documents and Settings\iroko\.m2\repository\org\jboss\jbossas\jboss-as-security\5.0.1.GA\jboss-as-security-5.0.1.GA.jar;C:\Documents and Settings\iroko\.m2\repository\org\jboss\jbossas\jboss-as-system-jmx\5.0.1.GA\jboss-as-system-jmx-5.0.1.GA.jar;C:\Documents and Settings\iroko\.m2\repository\org\jboss\jbossas\jboss-as-bootstrap\5.0.1.GA\jboss-as-bootstrap-5.0.1.GA.jar;C:\Documents and Settings\iroko\.m2\repository\org\jboss\jbossas\jboss-as-system\5.0.1.GA\jboss-as-system-5.0.1.GA.jar;C:\Documents and Settings\iroko\.m2\repository\org\jboss\aop\jboss-aop\2.0.1.GA\jboss-aop-2.0.1.GA.jar;C:\Documents and Settings\iroko\.m2\repository\org\jboss\integration\jboss-profileservice-spi\5.0.3.GA\jboss-profileservice-spi-5.0.3.GA.jar;C:\Documents and Settings\iroko\.m2\repository\org\jboss\jbossas\jboss-as-jmx\5.0.1.GA\jboss-as-jmx-5.0.1.GA.jar;C:\Documents and Settings\iroko\.m2\repository\org\jboss\jbossas\jboss-as-j2se\5.0.1.GA\jboss-as-j2se-5.0.1.GA-tests.jar;C:\Documents and Settings\iroko\.m2\repository\org\jboss\jbossas\jboss-as-mbeans\5.0.1.GA\jboss-as-mbeans-5.0.1.GA.jar;C:\Documents and Settings\iroko\.m2\repository\bcel\bcel\5.1\bcel-5.1.jar;C:\Documents and Settings\iroko\.m2\repository\org\jboss\test\jboss-test\1.1.3.GA\jboss-test-1.1.3.GA.jar;C:\Documents and Settings\iroko\.m2\repository\org\apache\ant\ant-junit\1.7.0\ant-junit-1.7.0.jar;C:\Documents and Settings\iroko\.m2\repository\jboss\profiler\jvmti\jboss-profiler-jvmti\1.0.0.CR5\jboss-profiler-jvmti-1.0.0.CR5.jar;C:\Documents and Settings\iroko\.m2\repository\org\jboss\jbossas\jboss-server-manager\1.0.0.GA\jboss-server-manager-1.0.0.GA.jar;C:\Documents and Settings\iroko\.m2\repository\org\jboss\jbossas\jboss-as-server\5.0.1.GA\jboss-as-server-5.0.1.GA-client.jar;C:\Documents and Settings\iroko\.m2\repository\org\jboss\jbossas\jboss-as-server\5.0.1.GA\jboss-as-server-5.0.1.GA-jmx-invoker-adaptor-client.jar;C:\Documents and Settings\iroko\.m2\repository\org\jboss\integration\jboss-deployment-spi\5.0.3.GA\jboss-deployment-spi-5.0.3.GA.jar;C:\Documents and Settings\iroko\.m2\repository\org\jboss\jbossas\jboss-as-profileservice\5.0.1.GA\jboss-as-profileservice-5.0.1.GA.jar;C:\Documents and Settings\iroko\.m2\repository\org\jboss\jbossas\jboss-as-aspects\5.0.1.GA\jboss-as-aspects-5.0.1.GA.jar;C:\Documents and Settings\iroko\.m2\repository\org\jboss\aop\jboss-aop-aspects\2.0.1.GA\jboss-aop-aspects-2.0.1.GA.jar;C:\Documents and Settings\iroko\.m2\repository\org\jboss\aop\jboss-aop-asintegration-core\2.0.1.GA\jboss-aop-asintegration-core-2.0.1.GA.jar;C:\Documents and Settings\iroko\.m2\repository\org\jboss\aop\pluggable-instrumentor\2.0.1.GA\pluggable-instrumentor-2.0.1.GA.jar;C:\Documents and Settings\iroko\.m2\repository\org\jboss\aop\jboss-aop-asintegration-jmx\2.0.1.GA\jboss-aop-asintegration-jmx-2.0.1.GA.jar;C:\Documents and Settings\iroko\.m2\repository\org\jboss\aop\jboss-aop-asintegration-mc\2.0.1.GA\jboss-aop-asintegration-mc-2.0.1.GA.jar;C:\Documents and Settings\iroko\.m2\repository\javax\mail\mail\1.4\mail-1.4.jar;C:\Documents and Settings\iroko\.m2\repository\org\jboss\integration\jboss-integration\5.0.3.GA\jboss-integration-5.0.3.GA.jar;C:\Documents and Settings\iroko\.m2\repository\org\jboss\jbossas\jboss-as-main\5.0.1.GA\jboss-as-main-5.0.1.GA.jar;C:\Documents and Settings\iroko\.m2\repository\org\jboss\jbossas\jboss-as-iiop\5.0.1.GA\jboss-as-iiop-5.0.1.GA.jar;C:\Documents and Settings\iroko\.m2\repository\apache-avalon\avalon-framework\4.1.5\avalon-framework-4.1.5.jar;C:\Documents and Settings\iroko\.m2\repository\org\jboss\integration\jboss-corba-ots-spi\5.0.3.GA\jboss-corba-ots-spi-5.0.3.GA.jar;C:\Documents and Settings\iroko\.m2\repository\jboss\jbossws\jboss-jaxws\3.0.1-native-2.0.4.GA\jboss-jaxws-3.0.1-native-2.0.4.GA.jar;C:\Documents and Settings\iroko\.m2\repository\jboss\web\servlet-api\2.1.1.GA\servlet-api-2.1.1.GA.jar;C:\Documents and Settings\iroko\.m2\repository\org\jboss\ejb3\jboss-ejb3-common\1.0.0\jboss-ejb3-common-1.0.0-client.jar;C:\Documents and Settings\iroko\.m2\repository\org\jboss\ejb3\jboss-ejb3-proxy\1.0.0\jboss-ejb3-proxy-1.0.0-client.jar;C:\Documents and Settings\iroko\.m2\repository\org\jboss\ejb3\jboss-ejb3-proxy-clustered\1.0.0\jboss-ejb3-proxy-clustered-1.0.0-client.jar;C:\Documents and Settings\iroko\.m2\repository\org\jboss\ejb3\jboss-ejb3-security\1.0.0\jboss-ejb3-security-1.0.0-client.jar;C:\Documents and Settings\iroko\.m2\repository\org\jboss\jbossas\jboss-as-cluster\5.0.1.GA\jboss-as-cluster-5.0.1.GA-jboss-ha-legacy-client.jar;C:\Documents and Settings\iroko\.m2\repository\org\jboss\cluster\jboss-ha-server-cache-spi\1.1.0.GA\jboss-ha-server-cache-spi-1.1.0.GA.jar;C:\Documents and Settings\iroko\.m2\repository\org\jboss\cluster\jboss-ha-server-cache-jbc\1.1.0.GA\jboss-ha-server-cache-jbc-1.1.0.GA.jar;C:\Documents and Settings\iroko\.m2\repository\org\jboss\jbossas\jboss-as-iiop\5.0.1.GA\jboss-as-iiop-5.0.1.GA-client.jar;C:\Documents and Settings\iroko\.m2\repository\org\jboss\javaee\jboss-javaee\5.0.1.GA\jboss-javaee-5.0.1.GA.jar;C:\Documents and Settings\iroko\.m2\repository\org\jboss\jbossas\jboss-as-management\5.0.1.GA\jboss-as-management-5.0.1.GA-jsr77-client.jar;C:\Documents and Settings\iroko\.m2\repository\org\jboss\jbossas\jboss-as-cluster\5.0.1.GA\jboss-as-cluster-5.0.1.GA.jar;C:\Documents and Settings\iroko\.m2\repository\org\jboss\logging\jboss-logging-jdk\2.0.5.GA\jboss-logging-jdk-2.0.5.GA.jar;C:\Documents and Settings\iroko\.m2\repository\org\jboss\jbossas\jboss-as-main\5.0.1.GA\jboss-as-main-5.0.1.GA-client.jar;C:\Documents and Settings\iroko\.m2\repository\jboss\messaging\jboss-messaging\1.4.1.GA\jboss-messaging-1.4.1.GA.jar;C:\Documents and Settings\iroko\.m2\repository\org\jboss\jbossas\jboss-as-system\5.0.1.GA\jboss-as-system-5.0.1.GA-client.jar;C:\Documents and Settings\iroko\.m2\repository\org\jboss\jbossas\jboss-as-system-jmx\5.0.1.GA\jboss-as-system-jmx-5.0.1.GA-client.jar;C:\Documents and Settings\iroko\.m2\repository\org\jboss\slf4j\slf4j-jboss-logging\1.0.0.GA\slf4j-jboss-logging-1.0.0.GA.jar;C:\Documents and Settings\iroko\.m2\repository\xml-security\xmlsec\1.3.0\xmlsec-1.3.0.jar;C:\Documents and Settings\iroko\.m2\repository\org\jboss\ws\native\jbossws-native-client\3.1.2.GA\jbossws-native-client-3.1.2.GA.jar;C:\Documents and Settings\iroko\.m2\repository\org\jboss\ws\native\jbossws-native-jaxws-ext\3.1.2.GA\jbossws-native-jaxws-ext-3.1.2.GA.jar;C:\Documents and Settings\iroko\.m2\repository\javax\xml\bind\jaxb-api\2.1\jaxb-api-2.1.jar;C:\Documents and Settings\iroko\.m2\repository\javax\xml\stream\stax-api\1.0-2\stax-api-1.0-2.jar;C:\Documents and Settings\iroko\.m2\repository\org\jboss\ws\native\jbossws-native-core\3.1.2.GA\jbossws-native-core-3.1.2.GA.jar;C:\Documents and Settings\iroko\.m2\repository\org\jboss\ws\jbossws-common\1.1.0.GA\jbossws-common-1.1.0.GA.jar;C:\Documents and Settings\iroko\.m2\repository\com\sun\xml\bind\jaxb-impl\2.1.6\jaxb-impl-2.1.6.jar;C:\Documents and Settings\iroko\.m2\repository\com\sun\xml\bind\jaxb-xjc\2.1.6\jaxb-xjc-2.1.6.jar;C:\Documents and Settings\iroko\.m2\repository\com\sun\xml\fastinfoset\FastInfoset\1.2.2\FastInfoset-1.2.2.jar;C:\Documents and Settings\iroko\.m2\repository\com\sun\xml\ws\jaxws-rt\2.1.3\jaxws-rt-2.1.3.jar;C:\Documents and Settings\iroko\.m2\repository\com\sun\xml\stream\buffer\streambuffer\0.7\streambuffer-0.7.jar;C:\Documents and Settings\iroko\.m2\repository\org\jvnet\staxex\stax-ex\1.2\stax-ex-1.2.jar;C:\Documents and Settings\iroko\.m2\repository\com\sun\org\apache\xml\internal\resolver\20050927\resolver-20050927.jar;C:\Documents and Settings\iroko\.m2\repository\org\jvnet\mimepull\1.1\mimepull-1.1.jar;C:\Documents and Settings\iroko\.m2\repository\com\sun\xml\ws\jaxws-tools\2.1.3\jaxws-tools-2.1.3.jar;C:\Documents and Settings\iroko\.m2\repository\org\codehaus\jettison\jettison\1.0-RC2\jettison-1.0-RC2.jar;C:\Documents and Settings\iroko\.m2\repository\jboss\jaxbintros\jboss-jaxb-intros\1.0.0.GA\jboss-jaxb-intros-1.0.0.GA.jar;C:\Documents and Settings\iroko\.m2\repository\wscommons-policy\policy\1.0\policy-1.0.jar;C:\Documents and Settings\iroko\.m2\repository\org\codehaus\woodstox\wstx-lgpl\3.2.6\wstx-lgpl-3.2.6.jar;C:\Documents and Settings\iroko\.m2\repository\wsdl4j\wsdl4j\1.6.1\wsdl4j-1.6.1.jar;C:\Documents and Settings\iroko\.m2\repository\org\apache\xmlsec\1.4.2\xmlsec-1.4.2.jar;C:\Documents and Settings\iroko\.m2\repository\org\jmock\jmock-junit4\2.5.1\jmock-junit4-2.5.1.jar;C:\Documents and Settings\iroko\.m2\repository\org\jmock\jmock\2.5.1\jmock-2.5.1.jar;C:\Documents and Settings\iroko\.m2\repository\org\hamcrest\hamcrest-core\1.1\hamcrest-core-1.1.jar;C:\Documents and Settings\iroko\.m2\repository\org\hamcrest\hamcrest-library\1.1\hamcrest-library-1.1.jar;C:\Documents and Settings\iroko\.m2\repository\junit\junit-dep\4.4\junit-dep-4.4.jar;C:\Documents and Settings\iroko\.m2\repository\org\qualipso\factory-core\0.4.0-SNAPSHOT\factory-core-0.4.0-SNAPSHOT.jar;C:\Documents and Settings\iroko\.m2\repository\org\beanshell\bsh\2.0b4\bsh-2.0b4.jar;C:\Documents and Settings\iroko\.m2\repository\net\sf\json-lib\json-lib\2.3\json-lib-2.3-jdk15.jar;C:\Documents and Settings\iroko\.m2\repository\commons-beanutils\commons-beanutils\1.8.0\commons-beanutils-1.8.0.jar;C:\Documents and Settings\iroko\.m2\repository\commons-lang\commons-lang\2.4\commons-lang-2.4.jar;C:\Documents and Settings\iroko\.m2\repository\net\sf\ezmorph\ezmorph\1.0.6\ezmorph-1.0.6.jar;C:\Documents and Settings\iroko\.m2\repository\org\apache\sshd\sshd-core\0.2.0\sshd-core-0.2.0.jar;C:\Documents and Settings\iroko\.m2\repository\org\apache\mina\mina-core\2.0.0-M6\mina-core-2.0.0-M6.jar;C:\Documents and Settings\iroko\.m2\repository\sun-xacml\sun-xacml\2.0\sun-xacml-2.0.jar;C:\Documents and Settings\iroko\.m2\repository\xmldb\xmldb-api\20021118\xmldb-api-20021118.jar;C:\Documents and Settings\iroko\.m2\repository\eu\medsea\mimeutil\mime-util\2.1.1\mime-util-2.1.1.jar;C:\Documents and Settings\iroko\.m2\repository\org\slf4j\slf4j-log4j12\1.5.6\slf4j-log4j12-1.5.6.jar;C:\Documents and Settings\iroko\.m2\repository\org\apache\lucene\lucene-core\2.9.0\lucene-core-2.9.0.jar;C:\Documents and Settings\iroko\.m2\repository\org\apache\lucene\lucene-highlighter\2.9.0\lucene-highlighter-2.9.0.jar;C:\Documents and Settings\iroko\.m2\repository\org\apache\lucene\lucene-memory\2.9.0\lucene-memory-2.9.0.jar;C:\Documents and Settings\iroko\.m2\repository\org\qualipso\factory-service-skillmanagement\0.4.0-SNAPSHOT\factory-service-skillmanagement-0.4.0-SNAPSHOT.jar;C:\Documents and Settings\iroko\.m2\repository\org\codehaus\cargo\cargo-core-api-container\1.0\cargo-core-api-container-1.0.jar;C:\Documents and Settings\iroko\.m2\repository\org\codehaus\cargo\cargo-core-api-module\1.0\cargo-core-api-module-1.0.jar;C:\Documents and Settings\iroko\.m2\repository\org\codehaus\cargo\cargo-core-api-util\1.0\cargo-core-api-util-1.0.jar;C:\Documents and Settings\iroko\.m2\repository\jaxen\jaxen\1.0-FCS\jaxen-1.0-FCS.jar;C:\Documents and Settings\iroko\.m2\repository\saxpath\saxpath\1.0-FCS\saxpath-1.0-FCS.jar;C:\Documents and Settings\iroko\.m2\repository\msv\msv\20020414\msv-20020414.jar;C:\Documents and Settings\iroko\.m2\repository\relaxngDatatype\relaxngDatatype\20020414\relaxngDatatype-20020414.jar;C:\Documents and Settings\iroko\.m2\repository\isorelax\isorelax\20020414\isorelax-20020414.jar;C:\Documents and Settings\iroko\.m2\repository\jdom\jdom\1.0\jdom-1.0.jar;C:\Documents and Settings\iroko\.m2\repository\org\apache\geronimo\specs\geronimo-j2ee-deployment_1.1_spec\1.0\geronimo-j2ee-deployment_1.1_spec-1.0.jar;"/>
    <property name="java.io.tmpdir" value="C:\DOCUME~1\iroko\IMPOST~1\Temp\"/>
    <property name="env.PROCESSOR_REVISION" value="0e08"/>
    <property name="java.vendor.url.bug" value="http://java.sun.com/cgi-bin/bugreport.cgi"/>
    <property name="env.SystemRoot" value="C:\WINDOWS"/>
    <property name="java.awt.graphicsenv" value="sun.awt.Win32GraphicsEnvironment"/>
    <property name="os.arch" value="x86"/>
    <property name="java.ext.dirs" value="C:\Programmi\Java\jdk1.6.0_05\jre\lib\ext;C:\WINDOWS\Sun\Java\lib\ext"/>
    <property name="user.dir" value="C:\Documents and Settings\iroko\Desktop\qualipso_28_12_2009\factory-service-skillmanagement-test"/>
    <property name="line.separator" value="
"/>
    <property name="java.vm.name" value="Java HotSpot(TM) Client VM"/>
    <property name="env.CLASSWORLDS_JAR" value="&quot;C:\Programmi\apache-maven-2.0.10\bin\..\boot\classworlds-1.1.jar&quot;"/>
    <property name="env.PATHEXT" value=".COM;.EXE;.BAT;.CMD;.VBS;.VBE;.JS;.JSE;.WSF;.WSH"/>
    <property name="env.Path" value="C:\WINDOWS\system32;C:\WINDOWS;C:\WINDOWS\System32\Wbem ;c:\php; c:\scriptol;C:\Programmi\Samsung\Samsung PC Studio 3\;c:\Programmi\Microsoft SQL Server\90\Tools\binn\;C:\Programmi\TortoiseSVN\bin;C:\Programmi\apache-maven-2.0.10\bin;C:\Programmi\InfoCert\DiKe\;;x&amp;#1;^"/>
    <property name="basedir" value="C:\Documents and Settings\iroko\Desktop\qualipso_28_12_2009\factory-service-skillmanagement-test"/>
    <property name="env.ERROR_CODE" value="0"/>
    <property name="env.USERNAME" value="iroko"/>
    <property name="env.SystemDrive" value="C:"/>
    <property name="file.encoding" value="Cp1252"/>
    <property name="env.USERDOMAIN" value="IROKOCONTENT"/>
    <property name="java.specification.version" value="1.6"/>
    <property name="env.PROCESSOR_LEVEL" value="6"/>
  </properties>
  <testcase time="14.391" classname="org.factory.service.skillmanagement.SkillManagementWSTest" name="testSkill"/>
</testsuite>